<?xml version="1.0" encoding="UTF-8"?>
<testsuite name="com.sparta.week2testgold.Week2TestGoldApplicationTests" tests="1" skipped="0" failures="0" errors="0" timestamp="2022-08-17T15:43:58" hostname="DESKTOP-C0L0L3I" time="0.146">
  <properties/>
  <testcase name="contextLoads()" classname="com.sparta.week2testgold.Week2TestGoldApplicationTests" time="0.146"/>
  <system-out><![CDATA[00:43:52.732 [Test worker] DEBUG org.springframework.test.context.BootstrapUtils - Instantiating CacheAwareContextLoaderDelegate from class [org.springframework.test.context.cache.DefaultCacheAwareContextLoaderDelegate]
00:43:52.745 [Test worker] DEBUG org.springframework.test.context.BootstrapUtils - Instantiating BootstrapContext using constructor [public org.springframework.test.context.support.DefaultBootstrapContext(java.lang.Class,org.springframework.test.context.CacheAwareContextLoaderDelegate)]
00:43:52.777 [Test worker] DEBUG org.springframework.test.context.BootstrapUtils - Instantiating TestContextBootstrapper for test class [com.sparta.week2testgold.Week2TestGoldApplicationTests] from class [org.springframework.boot.test.context.SpringBootTestContextBootstrapper]
00:43:52.790 [Test worker] INFO org.springframework.boot.test.context.SpringBootTestContextBootstrapper - Neither @ContextConfiguration nor @ContextHierarchy found for test class [com.sparta.week2testgold.Week2TestGoldApplicationTests], using SpringBootContextLoader
00:43:52.793 [Test worker] DEBUG org.springframework.test.context.support.AbstractContextLoader - Did not detect default resource location for test class [com.sparta.week2testgold.Week2TestGoldApplicationTests]: class path resource [com/sparta/week2testgold/Week2TestGoldApplicationTests-context.xml] does not exist
00:43:52.794 [Test worker] DEBUG org.springframework.test.context.support.AbstractContextLoader - Did not detect default resource location for test class [com.sparta.week2testgold.Week2TestGoldApplicationTests]: class path resource [com/sparta/week2testgold/Week2TestGoldApplicationTestsContext.groovy] does not exist
00:43:52.794 [Test worker] INFO org.springframework.test.context.support.AbstractContextLoader - Could not detect default resource locations for test class [com.sparta.week2testgold.Week2TestGoldApplicationTests]: no resource found for suffixes {-context.xml, Context.groovy}.
00:43:52.795 [Test worker] INFO org.springframework.test.context.support.AnnotationConfigContextLoaderUtils - Could not detect default configuration classes for test class [com.sparta.week2testgold.Week2TestGoldApplicationTests]: Week2TestGoldApplicationTests does not declare any static, non-private, non-final, nested classes annotated with @Configuration.
00:43:52.836 [Test worker] DEBUG org.springframework.test.context.support.ActiveProfilesUtils - Could not find an 'annotation declaring class' for annotation type [org.springframework.test.context.ActiveProfiles] and class [com.sparta.week2testgold.Week2TestGoldApplicationTests]
00:43:52.891 [Test worker] DEBUG org.springframework.context.annotation.ClassPathScanningCandidateComponentProvider - Identified candidate component class: file [C:\Users\LEE\Desktop\week2TestGold\build\classes\java\main\com\sparta\week2testgold\Week2TestGoldApplication.class]
00:43:52.892 [Test worker] INFO org.springframework.boot.test.context.SpringBootTestContextBootstrapper - Found @SpringBootConfiguration com.sparta.week2testgold.Week2TestGoldApplication for test class com.sparta.week2testgold.Week2TestGoldApplicationTests
00:43:52.990 [Test worker] DEBUG org.springframework.boot.test.context.SpringBootTestContextBootstrapper - @TestExecutionListeners is not present for class [com.sparta.week2testgold.Week2TestGoldApplicationTests]: using defaults.
00:43:52.991 [Test worker] INFO org.springframework.boot.test.context.SpringBootTestContextBootstrapper - Loaded default TestExecutionListener class names from location [META-INF/spring.factories]: [org.springframework.boot.test.autoconfigure.restdocs.RestDocsTestExecutionListener, org.springframework.boot.test.autoconfigure.web.client.MockRestServiceServerResetTestExecutionListener, org.springframework.boot.test.autoconfigure.web.servlet.MockMvcPrintOnlyOnFailureTestExecutionListener, org.springframework.boot.test.autoconfigure.web.servlet.WebDriverTestExecutionListener, org.springframework.boot.test.autoconfigure.webservices.client.MockWebServiceServerTestExecutionListener, org.springframework.boot.test.mock.mockito.MockitoTestExecutionListener, org.springframework.boot.test.mock.mockito.ResetMocksTestExecutionListener, org.springframework.test.context.web.ServletTestExecutionListener, org.springframework.test.context.support.DirtiesContextBeforeModesTestExecutionListener, org.springframework.test.context.event.ApplicationEventsTestExecutionListener, org.springframework.test.context.support.DependencyInjectionTestExecutionListener, org.springframework.test.context.support.DirtiesContextTestExecutionListener, org.springframework.test.context.transaction.TransactionalTestExecutionListener, org.springframework.test.context.jdbc.SqlScriptsTestExecutionListener, org.springframework.test.context.event.EventPublishingTestExecutionListener]
00:43:53.007 [Test worker] INFO org.springframework.boot.test.context.SpringBootTestContextBootstrapper - Using TestExecutionListeners: [org.springframework.test.context.web.ServletTestExecutionListener@2a2bb0eb, org.springframework.test.context.support.DirtiesContextBeforeModesTestExecutionListener@3c291aad, org.springframework.test.context.event.ApplicationEventsTestExecutionListener@2d0566ba, org.springframework.boot.test.mock.mockito.MockitoTestExecutionListener@733037, org.springframework.boot.test.autoconfigure.SpringBootDependencyInjectionTestExecutionListener@7728643a, org.springframework.test.context.support.DirtiesContextTestExecutionListener@320e400, org.springframework.test.context.transaction.TransactionalTestExecutionListener@5167268, org.springframework.test.context.jdbc.SqlScriptsTestExecutionListener@1cfd1875, org.springframework.test.context.event.EventPublishingTestExecutionListener@28c0b664, org.springframework.boot.test.autoconfigure.restdocs.RestDocsTestExecutionListener@2c444798, org.springframework.boot.test.autoconfigure.web.client.MockRestServiceServerResetTestExecutionListener@1af7f54a, org.springframework.boot.test.autoconfigure.web.servlet.MockMvcPrintOnlyOnFailureTestExecutionListener@6ebd78d1, org.springframework.boot.test.autoconfigure.web.servlet.WebDriverTestExecutionListener@436390f4, org.springframework.boot.test.autoconfigure.webservices.client.MockWebServiceServerTestExecutionListener@4d157787, org.springframework.boot.test.mock.mockito.ResetMocksTestExecutionListener@68ed96ca]
00:43:53.010 [Test worker] DEBUG org.springframework.test.context.support.AbstractDirtiesContextTestExecutionListener - Before test class: context [DefaultTestContext@3153ddfc testClass = Week2TestGoldApplicationTests, testInstance = [null], testMethod = [null], testException = [null], mergedContextConfiguration = [WebMergedContextConfiguration@60afd40d testClass = Week2TestGoldApplicationTests, locations = '{}', classes = '{class com.sparta.week2testgold.Week2TestGoldApplication}', contextInitializerClasses = '[]', activeProfiles = '{}', propertySourceLocations = '{}', propertySourceProperties = '{org.springframework.boot.test.context.SpringBootTestContextBootstrapper=true}', contextCustomizers = set[org.springframework.boot.test.autoconfigure.actuate.metrics.MetricsExportContextCustomizerFactory$DisableMetricExportContextCustomizer@60641ec8, org.springframework.boot.test.autoconfigure.properties.PropertyMappingContextCustomizer@0, org.springframework.boot.test.autoconfigure.web.servlet.WebDriverContextCustomizerFactory$Customizer@f667fe, org.springframework.boot.test.context.filter.ExcludeFilterContextCustomizer@10c626be, org.springframework.boot.test.json.DuplicateJsonObjectContextCustomizerFactory$DuplicateJsonObjectContextCustomizer@201b6b6f, org.springframework.boot.test.mock.mockito.MockitoContextCustomizer@0, org.springframework.boot.test.web.client.TestRestTemplateContextCustomizer@2bb7bd00, org.springframework.boot.test.context.SpringBootTestArgs@1, org.springframework.boot.test.context.SpringBootTestWebEnvironment@77659b30], resourceBasePath = 'src/main/webapp', contextLoader = 'org.springframework.boot.test.context.SpringBootContextLoader', parent = [null]], attributes = map['org.springframework.test.context.web.ServletTestExecutionListener.activateListener' -> true]], class annotated with @DirtiesContext [false] with mode [null].

  .   ____          _            __ _ _
 /\\ / ___'_ __ _ _(_)_ __  __ _ \ \ \ \
( ( )\___ | '_ | '_| | '_ \/ _` | \ \ \ \
 \\/  ___)| |_)| | | | | || (_| |  ) ) ) )
  '  |____| .__|_| |_|_| |_\__, | / / / /
 =========|_|==============|___/=/_/_/_/
 :: Spring Boot ::                (v2.7.2)

2022-08-18 00:43:53.381  WARN 15876 --- [    Test worker] ory$DuplicateJsonObjectContextCustomizer : 

Found multiple occurrences of org.json.JSONObject on the class path:

	jar:file:/C:/Users/LEE/.gradle/caches/modules-2/files-2.1/org.json/json/20160810/aca5eb39e2a12fddd6c472b240afe9ebea3a6733/json-20160810.jar!/org/json/JSONObject.class
	jar:file:/C:/Users/LEE/.gradle/caches/modules-2/files-2.1/com.vaadin.external.google/android-json/0.0.20131108.vaadin1/fa26d351fe62a6a17f5cda1287c1c6110dec413f/android-json-0.0.20131108.vaadin1.jar!/org/json/JSONObject.class

You may wish to exclude one of them to ensure predictable runtime behavior

2022-08-18 00:43:53.404  INFO 15876 --- [    Test worker] c.s.w.Week2TestGoldApplicationTests      : Starting Week2TestGoldApplicationTests using Java 11.0.16 on DESKTOP-C0L0L3I with PID 15876 (started by LEE in C:\Users\LEE\Desktop\week2TestGold)
2022-08-18 00:43:53.406  INFO 15876 --- [    Test worker] c.s.w.Week2TestGoldApplicationTests      : No active profile set, falling back to 1 default profile: "default"
2022-08-18 00:43:54.069  INFO 15876 --- [    Test worker] .s.d.r.c.RepositoryConfigurationDelegate : Bootstrapping Spring Data JPA repositories in DEFAULT mode.
2022-08-18 00:43:54.131  INFO 15876 --- [    Test worker] .s.d.r.c.RepositoryConfigurationDelegate : Finished Spring Data repository scanning in 54 ms. Found 1 JPA repository interfaces.
2022-08-18 00:43:54.771  INFO 15876 --- [    Test worker] o.hibernate.jpa.internal.util.LogHelper  : HHH000204: Processing PersistenceUnitInfo [name: default]
2022-08-18 00:43:54.831  INFO 15876 --- [    Test worker] org.hibernate.Version                    : HHH000412: Hibernate ORM core version 5.6.10.Final
2022-08-18 00:43:55.013  INFO 15876 --- [    Test worker] o.hibernate.annotations.common.Version   : HCANN000001: Hibernate Commons Annotations {5.1.2.Final}
2022-08-18 00:43:55.146  INFO 15876 --- [    Test worker] com.zaxxer.hikari.HikariDataSource       : HikariPool-1 - Starting...
2022-08-18 00:43:55.655  INFO 15876 --- [    Test worker] com.zaxxer.hikari.HikariDataSource       : HikariPool-1 - Start completed.
2022-08-18 00:43:55.688  INFO 15876 --- [    Test worker] org.hibernate.dialect.Dialect            : HHH000400: Using dialect: org.hibernate.dialect.MySQL8Dialect
2022-08-18 00:43:56.441  INFO 15876 --- [    Test worker] o.h.e.t.j.p.i.JtaPlatformInitiator       : HHH000490: Using JtaPlatform implementation: [org.hibernate.engine.transaction.jta.platform.internal.NoJtaPlatform]
2022-08-18 00:43:56.450  INFO 15876 --- [    Test worker] j.LocalContainerEntityManagerFactoryBean : Initialized JPA EntityManagerFactory for persistence unit 'default'
2022-08-18 00:43:57.407  WARN 15876 --- [    Test worker] JpaBaseConfiguration$JpaWebConfiguration : spring.jpa.open-in-view is enabled by default. Therefore, database queries may be performed during view rendering. Explicitly configure spring.jpa.open-in-view to disable this warning
2022-08-18 00:43:57.857  INFO 15876 --- [    Test worker] o.s.b.a.w.s.WelcomePageHandlerMapping    : Adding welcome page: class path resource [static/index.html]
2022-08-18 00:43:58.378  INFO 15876 --- [    Test worker] c.s.w.Week2TestGoldApplicationTests      : Started Week2TestGoldApplicationTests in 5.335 seconds (JVM running for 6.474)
]]></system-out>
  <system-err><![CDATA[]]></system-err>
</testsuite>
